<?xml version="1.0" encoding="UTF-8"?>
<!-- Generated by org.testng.reporters.JUnitReportReporter -->
<testsuite hostname="TYSS-Vijay" failures="0" tests="1" name="testNg.BasicClass" time="0.008" errors="0" timestamp="2024-05-09T11:36:14 IST" skipped="0">
  <testcase classname="testNg.BasicClass" name="test" time="0.008"/>
  <system-out/>
</testsuite> <!-- testNg.BasicClass -->
