<?xml version="1.0" encoding="UTF-8"?>
<!-- Generated by org.testng.reporters.JUnitReportReporter -->
<testsuite hostname="TYSS-Vijay" failures="0" tests="1" name="TickPro.logFile" time="5.807" errors="0" timestamp="2025-01-03T14:32:37 IST" skipped="0">
  <testcase classname="TickPro.logFile" name="test" time="5.807"/>
  <system-out/>
</testsuite> <!-- TickPro.logFile -->
