<?xml version="1.0" encoding="UTF-8"?>
<!-- Generated by org.testng.reporters.JUnitReportReporter -->
<testsuite hostname="TYSS-Vijay" failures="0" tests="1" name="testNg.Test2" time="0.003" errors="0" timestamp="2024-05-09T13:19:47 IST" skipped="0">
  <testcase classname="testNg.Test2" name="test" time="0.003"/>
  <system-out/>
</testsuite> <!-- testNg.Test2 -->
