<?xml version="1.0" encoding="UTF-8"?>
<!-- Generated by org.testng.reporters.JUnitReportReporter -->
<testsuite hostname="TYSS-Vijay" failures="0" tests="1" name="testNg.NewTest" time="0.383" errors="0" timestamp="2024-05-09T15:27:59 IST" skipped="0">
  <testcase classname="testNg.NewTest" name="logoPresence" time="0.383"/>
  <system-out/>
</testsuite> <!-- testNg.NewTest -->
