<?xml version="1.0" encoding="UTF-8"?>
<!-- Generated by org.testng.reporters.JUnitReportReporter -->
<testsuite hostname="TYSS-Vijay" failures="0" tests="1" name="TickPro.logFile" time="6.010" errors="0" timestamp="2025-01-03T13:24:04 IST" skipped="0">
  <testcase classname="TickPro.logFile" name="test" time="6.010"/>
  <system-out/>
</testsuite> <!-- TickPro.logFile -->
